Flow report for sobel
Wed May 16 17:53:29 2018
Quartus Prime Version 17.1.0 Build 590 10/25/2017 SJ Standard Edition


---------------------
; Table of Contents ;
---------------------
  1. Legal Notice
  2. Flow Summary
  3. Flow Settings
  4. Flow Non-Default Global Settings
  5. Flow Elapsed Time
  6. Flow OS Summary
  7. Flow Log
  8. Flow Messages
  9. Flow Suppressed Messages



----------------
; Legal Notice ;
----------------
Copyright (C) 2017  Intel Corporation. All rights reserved.
Your use of Intel Corporation's design tools, logic functions 
and other software and tools, and its AMPP partner logic 
functions, and any output files from any of the foregoing 
(including device programming or simulation files), and any 
associated documentation or information are expressly subject 
to the terms and conditions of the Intel Program License 
Subscription Agreement, the Intel Quartus Prime License Agreement,
the Intel FPGA IP License Agreement, or other applicable license
agreement, including, without limitation, that your use is for
the sole purpose of programming logic devices manufactured by
Intel and sold by Intel or its authorized distributors.  Please
refer to the applicable agreement for further details.



+--------------------------------------------------------------------------------------+
; Flow Summary                                                                         ;
+------------------------------------+-------------------------------------------------+
; Flow Status                        ; Successful - Wed May 16 17:53:29 2018           ;
; Quartus Prime Version              ; 17.1.0 Build 590 10/25/2017 SJ Standard Edition ;
; Revision Name                      ; sobel                                           ;
; Top-level Entity Name              ; sobel                                           ;
; Family                             ; Cyclone IV E                                    ;
; Total logic elements               ; 613 / 6,272 ( 10 % )                            ;
;     Total combinational functions  ; 565 / 6,272 ( 9 % )                             ;
;     Dedicated logic registers      ; 291 / 6,272 ( 5 % )                             ;
; Total registers                    ; 291                                             ;
; Total pins                         ; 31 / 92 ( 34 % )                                ;
; Total virtual pins                 ; 0                                               ;
; Total memory bits                  ; 15,312 / 276,480 ( 6 % )                        ;
; Embedded Multiplier 9-bit elements ; 30 / 30 ( 100 % )                               ;
; Total PLLs                         ; 0 / 2 ( 0 % )                                   ;
; Device                             ; EP4CE6E22C6                                     ;
; Timing Models                      ; Final                                           ;
+------------------------------------+-------------------------------------------------+


+-----------------------------------------+
; Flow Settings                           ;
+-------------------+---------------------+
; Option            ; Setting             ;
+-------------------+---------------------+
; Start date & time ; 05/16/2018 17:52:56 ;
; Main task         ; Compilation         ;
; Revision Name     ; sobel               ;
+-------------------+---------------------+


+------------------------------------------------------------------------------------------------------------------------------+
; Flow Non-Default Global Settings                                                                                             ;
+--------------------------------------+----------------------------------------+---------------+-------------+----------------+
; Assignment Name                      ; Value                                  ; Default Value ; Entity Name ; Section Id     ;
+--------------------------------------+----------------------------------------+---------------+-------------+----------------+
; COMPILER_SIGNATURE_ID                ; 963352870158.152646437506064           ; --            ; --          ; --             ;
; EDA_DESIGN_INSTANCE_NAME             ; NA                                     ; --            ; --          ; image_TB       ;
; EDA_NATIVELINK_SIMULATION_TEST_BENCH ; image_TB                               ; --            ; --          ; eda_simulation ;
; EDA_OUTPUT_DATA_FORMAT               ; Verilog Hdl                            ; --            ; --          ; eda_simulation ;
; EDA_SIMULATION_TOOL                  ; ModelSim-Altera (Verilog)              ; <None>        ; --          ; --             ;
; EDA_TEST_BENCH_ENABLE_STATUS         ; TEST_BENCH_MODE                        ; --            ; --          ; eda_simulation ;
; EDA_TEST_BENCH_FILE                  ; image_TB.v                             ; --            ; --          ; image_TB       ;
; EDA_TEST_BENCH_MODULE_NAME           ; image_TB                               ; --            ; --          ; image_TB       ;
; EDA_TEST_BENCH_NAME                  ; image_TB                               ; --            ; --          ; eda_simulation ;
; EDA_TIME_SCALE                       ; 1 ns                                   ; --            ; --          ; eda_simulation ;
; PARTITION_COLOR                      ; -- (Not supported for targeted family) ; --            ; --          ; Top            ;
; PARTITION_FITTER_PRESERVATION_LEVEL  ; -- (Not supported for targeted family) ; --            ; --          ; Top            ;
; PARTITION_NETLIST_TYPE               ; -- (Not supported for targeted family) ; --            ; --          ; Top            ;
; PROJECT_OUTPUT_DIRECTORY             ; output_files                           ; --            ; --          ; --             ;
+--------------------------------------+----------------------------------------+---------------+-------------+----------------+


+-------------------------------------------------------------------------------------------------------------------------------+
; Flow Elapsed Time                                                                                                             ;
+---------------------------+--------------+-------------------------+---------------------+------------------------------------+
; Module Name               ; Elapsed Time ; Average Processors Used ; Peak Virtual Memory ; Total CPU Time (on all processors) ;
+---------------------------+--------------+-------------------------+---------------------+------------------------------------+
; Analysis & Synthesis      ; 00:00:15     ; 1.0                     ; 652 MB              ; 00:00:28                           ;
; Fitter                    ; 00:00:09     ; 1.1                     ; 1348 MB             ; 00:00:11                           ;
; Assembler                 ; 00:00:01     ; 1.0                     ; 531 MB              ; 00:00:01                           ;
; TimeQuest Timing Analyzer ; 00:00:03     ; 1.3                     ; 626 MB              ; 00:00:03                           ;
; EDA Netlist Writer        ; 00:00:02     ; 1.0                     ; 508 MB              ; 00:00:02                           ;
; Total                     ; 00:00:30     ; --                      ; --                  ; 00:00:45                           ;
+---------------------------+--------------+-------------------------+---------------------+------------------------------------+


+----------------------------------------------------------------------------------------+
; Flow OS Summary                                                                        ;
+---------------------------+------------------+-----------+------------+----------------+
; Module Name               ; Machine Hostname ; OS Name   ; OS Version ; Processor type ;
+---------------------------+------------------+-----------+------------+----------------+
; Analysis & Synthesis      ; eda25            ; Windows 7 ; 6.1        ; x86_64         ;
; Fitter                    ; eda25            ; Windows 7 ; 6.1        ; x86_64         ;
; Assembler                 ; eda25            ; Windows 7 ; 6.1        ; x86_64         ;
; TimeQuest Timing Analyzer ; eda25            ; Windows 7 ; 6.1        ; x86_64         ;
; EDA Netlist Writer        ; eda25            ; Windows 7 ; 6.1        ; x86_64         ;
+---------------------------+------------------+-----------+------------+----------------+


------------
; Flow Log ;
------------
quartus_map --read_settings_files=on --write_settings_files=off sobel -c sobel
quartus_fit --read_settings_files=off --write_settings_files=off sobel -c sobel
quartus_asm --read_settings_files=off --write_settings_files=off sobel -c sobel
quartus_sta sobel -c sobel
quartus_eda --read_settings_files=off --write_settings_files=off sobel -c sobel



